******************************************************************
** WARNING: --SEIDecodedPictureHash is now disabled by default. **
**          Automatic verification of decoded pictures by a     **
**          decoder requires this option to be enabled.         **
******************************************************************
***************************************************************************
** WARNING: For conforming bitstreams a valid Level value must be set!   **
***************************************************************************

HM software: Encoder Version [16.17] (including RExt)[Linux][GCC 5.4.0][64 bit] 


Input          File                    : ../vid/park_joy_640480.yuv
Bitstream      File                    : ../vid/HMEncodedVideo.bin
Reconstruction File                    : rec.yuv
Real     Format                        : 640x480 30Hz
Internal Format                        : 640x480 30Hz
Sequence PSNR output                   : Linear average only
Sequence MSE output                    : Disabled
Frame MSE output                       : Disabled
MS-SSIM output                         : Disabled
Cabac-zero-word-padding                : Enabled
Frame/Field                            : Frame based coding
Frame index                            : 0 - 29999 (30000 frames)
Profile                                : main
CU size / depth / total-depth          : 64 / 4 / 4
RQT trans. size (min / max)            : 4 / 16
Max RQT depth inter                    : 3
Max RQT depth intra                    : 3
Min PCM size                           : 8
Motion search range                    : 64
Intra period                           : -1
Decoding refresh type                  : 0
QP                                     : 24
Max dQP signaling depth                : 0
Cb QP Offset                           : 0
Cr QP Offset                           : 0
QP adaptation                          : 0 (range=0)
GOP size                               : 4
Input bit depth                        : (Y:8, C:8)
MSB-extended bit depth                 : (Y:8, C:8)
Internal bit depth                     : (Y:8, C:8)
PCM sample bit depth                   : (Y:8, C:8)
Intra reference smoothing              : Enabled
diff_cu_chroma_qp_offset_depth         : -1
extended_precision_processing_flag     : Disabled
implicit_rdpcm_enabled_flag            : Disabled
explicit_rdpcm_enabled_flag            : Disabled
transform_skip_rotation_enabled_flag   : Disabled
transform_skip_context_enabled_flag    : Disabled
cross_component_prediction_enabled_flag: Disabled
high_precision_offsets_enabled_flag    : Disabled
persistent_rice_adaptation_enabled_flag: Disabled
cabac_bypass_alignment_enabled_flag    : Disabled
log2_sao_offset_scale_luma             : 0
log2_sao_offset_scale_chroma           : 0
Cost function:                         : Lossy coding (default)
RateControl                            : 1
WPMethod                               : 0
TargetBitrate                          : 10000
KeepHierarchicalBit                    : 2
LCULevelRC                             : 1
UseLCUSeparateModel                    : 1
InitialQP                              : 0
ForceIntraQP                           : 0
CpbSaturation                          : 0
Max Num Merge Candidates               : 5

TOOL CFG: IBD:0 HAD:1 RDQ:1 RDQTS:1 RDpenalty:0 LQP:0 SQP:0 ASR:0 MinSearchWindow:8 RestrictMESampling:0 FEN:1 ECU:0 FDM:1 CFM:0 ESD:0 RQT:1 TransformSkip:1 TransformSkipFast:1 TransformSkipLog2MaxSize:2 Slice: M=0 SliceSegment: M=0 CIP:0 SAO:1 PCM:0 TransQuantBypassEnabled:0 WPP:0 WPB:0 PME:2  WaveFrontSynchro:0 WaveFrontSubstreams:1 ScalingList:0 TMVPMode:1 AQpS:0 SignBitHidingFlag:1 RecalQP:0

Non-environment-variable-controlled macros set as follows: 

                                RExt__DECODER_DEBUG_BIT_STATISTICS =   0
                                      RExt__HIGH_BIT_DEPTH_SUPPORT =   0
                            RExt__HIGH_PRECISION_FORWARD_TRANSFORM =   0
                                        O0043_BEST_EFFORT_DECODING =   0
                                         ME_ENABLE_ROUNDING_OF_MVS =   1

                   Input ChromaFormatIDC =   4:2:0
       Output (internal) ChromaFormatIDC =   4:2:0

POC    0 TId: 0 ( I-SLICE, nQP 40 QP 40 )      39320 bits [Y 27.0394 dB    U 33.6805 dB    V 38.5170 dB] [ET     1 ] [L0 ] [L1 ]
POC    1 TId: 0 ( P-SLICE, nQP 51 QP 49 )       1440 bits [Y 25.7080 dB    U 33.0978 dB    V 37.8992 dB] [ET     2 ] [L0 0 ] [L1 ]
POC    2 TId: 0 ( P-SLICE, nQP 51 QP 51 )        520 bits [Y 24.1378 dB    U 32.3535 dB    V 37.4003 dB] [ET     2 ] [L0 1 0 ] [L1 ]
POC    3 TId: 0 ( P-SLICE, nQP 51 QP 51 )        760 bits [Y 23.6441 dB    U 32.2030 dB    V 37.4202 dB] [ET     2 ] [L0 2 1 0 ] [L1 ]
